<?xml version="1.0" encoding="UTF-8"?>
<!-- Generated by org.testng.reporters.JUnitReportReporter -->
<testsuite hostname="flyhigh" failures="0" tests="1" name="Practice.Test_01" time="8.707" errors="0" timestamp="2024-04-02T11:44:46 BST" skipped="0">
  <testcase classname="Practice.Test_01" name="launch" time="8.707"/>
  <system-out/>
</testsuite> <!-- Practice.Test_01 -->
