<?xml version="1.0" encoding="UTF-8"?>
<!-- Generated by org.testng.reporters.JUnitReportReporter -->
<testsuite hostname="flyhigh" failures="0" tests="1" name="Practice2.Test_04_Test" time="7.671" errors="0" timestamp="2024-04-03T11:36:59 BST" skipped="0">
  <testcase classname="Practice2.Test_04_Test" name="launch" time="7.671"/>
  <system-out>
Practice2 script-02  </system-out>
</testsuite> <!-- Practice2.Test_04_Test -->
